{"/Users/anils/Documents/poc-project/hacker-news/src/index.js": {"path":"/Users/anils/Documents/poc-project/hacker-news/src/index.js","statementMap":{"0":{"start":{"line":7,"column":0},"end":{"line":12,"column":2}},"1":{"start":{"line":17,"column":0},"end":{"line":17,"column":27}}},"fnMap":{},"branchMap":{},"s":{"0":0,"1":0},"f":{},"b":{},"hash":"5bc7584c660b6dc16c178f9566bd964d35925040"}
,"/Users/anils/Documents/poc-project/hacker-news/src/routing.js": {"path":"/Users/anils/Documents/poc-project/hacker-news/src/routing.js","statementMap":{"0":{"start":{"line":19,"column":2},"end":{"line":56,"column":4}},"1":{"start":{"line":63,"column":2},"end":{"line":67,"column":4}},"2":{"start":{"line":71,"column":2},"end":{"line":75,"column":4}},"3":{"start":{"line":79,"column":2},"end":{"line":83,"column":4}}},"fnMap":{"0":{"name":"BasicExample","decl":{"start":{"line":18,"column":24},"end":{"line":18,"column":36}},"loc":{"start":{"line":18,"column":39},"end":{"line":57,"column":1}},"line":18},"1":{"name":"Home","decl":{"start":{"line":62,"column":9},"end":{"line":62,"column":13}},"loc":{"start":{"line":62,"column":16},"end":{"line":68,"column":1}},"line":62},"2":{"name":"About","decl":{"start":{"line":70,"column":9},"end":{"line":70,"column":14}},"loc":{"start":{"line":70,"column":17},"end":{"line":76,"column":1}},"line":70},"3":{"name":"Dashboard","decl":{"start":{"line":78,"column":9},"end":{"line":78,"column":18}},"loc":{"start":{"line":78,"column":21},"end":{"line":84,"column":1}},"line":78}},"branchMap":{},"s":{"0":0,"1":0,"2":0,"3":0},"f":{"0":0,"1":0,"2":0,"3":0},"b":{},"hash":"e3920944d288ee51500b60f539d837d4373bb3a6"}
,"/Users/anils/Documents/poc-project/hacker-news/src/components/App.js": {"path":"/Users/anils/Documents/poc-project/hacker-news/src/components/App.js","statementMap":{"0":{"start":{"line":6,"column":2},"end":{"line":25,"column":4}}},"fnMap":{"0":{"name":"App","decl":{"start":{"line":5,"column":9},"end":{"line":5,"column":12}},"loc":{"start":{"line":5,"column":15},"end":{"line":26,"column":1}},"line":5}},"branchMap":{},"s":{"0":1},"f":{"0":1},"b":{},"_coverageSchema":"43e27e138ebf9cfc5966b082cf9a028302ed4184","hash":"216921470a1d444e39ccef0e90894c3d33a1815e"}
}
