TN:
SF:/Users/anils/Documents/poc-project/hacker-news/src/index.js
FNF:0
FNH:0
DA:7,0
DA:17,0
LF:2
LH:0
BRF:0
BRH:0
end_of_record
TN:
SF:/Users/anils/Documents/poc-project/hacker-news/src/routing.js
FN:18,BasicExample
FN:62,Home
FN:70,About
FN:78,Dashboard
FNF:4
FNH:0
FNDA:0,BasicExample
FNDA:0,Home
FNDA:0,About
FNDA:0,Dashboard
DA:19,0
DA:63,0
DA:71,0
DA:79,0
LF:4
LH:0
BRF:0
BRH:0
end_of_record
TN:
SF:/Users/anils/Documents/poc-project/hacker-news/src/components/App.js
FN:5,App
FNF:1
FNH:1
FNDA:1,App
DA:6,1
LF:1
LH:1
BRF:0
BRH:0
end_of_record
